<?xml version="1.0"?>
<!DOCTYPE coverage SYSTEM "http://cobertura.sourceforge.net/xml/coverage-04.dtd">

<coverage line-rate="1.0" branch-rate="1.0" lines-covered="0" lines-valid="0" branches-covered="0" branches-valid="0" complexity="0.0" version="2.0.3" timestamp="1571650840799">
	<sources>
		<source>/home/travis/build/plt-tud/r43ples/src/main/java</source>
		<source>--source</source>
		<source>/home/travis/build/plt-tud/r43ples/target/generated-sources/annotations</source>
	</sources>
	<packages>
	</packages>
</coverage>
